{
  "stats": {
    "suites": 7,
    "tests": 17,
    "passes": 17,
    "pending": 0,
    "failures": 0,
    "start": "2021-10-30T21:57:24.739Z",
    "end": "2021-10-30T21:57:31.431Z",
    "duration": 6692,
    "testsRegistered": 17,
    "passPercent": 100,
    "pendingPercent": 0,
    "other": 0,
    "hasOther": false,
    "skipped": 0,
    "hasSkipped": false
  },
  "results": [
    {
      "uuid": "bb0ae0e7-1290-4ab9-b07e-8b60c79ace32",
      "title": "",
      "fullFile": "cypress/integration/meme-generator.spec.js",
      "file": "cypress/integration/meme-generator.spec.js",
      "beforeHooks": [],
      "afterHooks": [],
      "tests": [],
      "suites": [
        {
          "uuid": "9839e08f-4c63-49c8-b971-392e2ab9cb29",
          "title": "1 - Crie uma caixa de texto com a qual quem usa pode interagir para inserir texto em cima da imagem escolhida.",
          "fullFile": "",
          "file": "",
          "beforeHooks": [],
          "afterHooks": [],
          "tests": [
            {
              "title": "Será validado se o input de texto existe e conseguimos inputar texto nele",
              "fullTitle": "1 - Crie uma caixa de texto com a qual quem usa pode interagir para inserir texto em cima da imagem escolhida. Será validado se o input de texto existe e conseguimos inputar texto nele",
              "timedOut": null,
              "duration": 667,
              "state": "passed",
              "speed": "slow",
              "pass": true,
              "fail": false,
              "pending": false,
              "context": null,
              "code": "typeText();",
              "err": {},
              "uuid": "569fca22-c27a-4e25-833c-dcd5e837a0b4",
              "parentUUID": "9839e08f-4c63-49c8-b971-392e2ab9cb29",
              "isHook": false,
              "skipped": false
            },
            {
              "title": "Será validado se o texto digitado no input é visível na tela",
              "fullTitle": "1 - Crie uma caixa de texto com a qual quem usa pode interagir para inserir texto em cima da imagem escolhida. Será validado se o texto digitado no input é visível na tela",
              "timedOut": null,
              "duration": 501,
              "state": "passed",
              "speed": "slow",
              "pass": true,
              "fail": false,
              "pending": false,
              "context": null,
              "code": "typeText();\ncheckTypedTextIsVisible();",
              "err": {},
              "uuid": "fefbaf7e-def0-4181-92e4-5b775c619262",
              "parentUUID": "9839e08f-4c63-49c8-b971-392e2ab9cb29",
              "isHook": false,
              "skipped": false
            },
            {
              "title": "Será validado se existe um elemento de container para onde o texto será mostrado",
              "fullTitle": "1 - Crie uma caixa de texto com a qual quem usa pode interagir para inserir texto em cima da imagem escolhida. Será validado se existe um elemento de container para onde o texto será mostrado",
              "timedOut": null,
              "duration": 521,
              "state": "passed",
              "speed": "slow",
              "pass": true,
              "fail": false,
              "pending": false,
              "context": null,
              "code": "typeText();\ncheckTypedTextIsVisible();\ncheckFullOverlappage('#meme-image-container', '#meme-text');",
              "err": {},
              "uuid": "1c608e31-52e0-46ba-a892-0397d00b1c6f",
              "parentUUID": "9839e08f-4c63-49c8-b971-392e2ab9cb29",
              "isHook": false,
              "skipped": false
            }
          ],
          "suites": [],
          "passes": [
            "569fca22-c27a-4e25-833c-dcd5e837a0b4",
            "fefbaf7e-def0-4181-92e4-5b775c619262",
            "1c608e31-52e0-46ba-a892-0397d00b1c6f"
          ],
          "failures": [],
          "pending": [],
          "skipped": [],
          "duration": 1689,
          "root": false,
          "rootEmpty": false,
          "_timeout": 2000
        },
        {
          "uuid": "15e347f0-9c78-4886-96d5-26d411df8a37",
          "title": "2 - O site deve permitir que quem usa faça upload de uma imagem de seu computador.",
          "fullFile": "",
          "file": "",
          "beforeHooks": [],
          "afterHooks": [],
          "tests": [
            {
              "title": "Será validado se é possível carregar uma imagem através do elemento correto",
              "fullTitle": "2 - O site deve permitir que quem usa faça upload de uma imagem de seu computador. Será validado se é possível carregar uma imagem através do elemento correto",
              "timedOut": null,
              "duration": 223,
              "state": "passed",
              "speed": "slow",
              "pass": true,
              "fail": false,
              "pending": false,
              "context": null,
              "code": "memeUpload();",
              "err": {},
              "uuid": "9402734e-5a7e-45ed-bc19-601a1daef6aa",
              "parentUUID": "15e347f0-9c78-4886-96d5-26d411df8a37",
              "isHook": false,
              "skipped": false
            },
            {
              "title": "Será validado se a imagem carregada é exibida dentro do elemento correto",
              "fullTitle": "2 - O site deve permitir que quem usa faça upload de uma imagem de seu computador. Será validado se a imagem carregada é exibida dentro do elemento correto",
              "timedOut": null,
              "duration": 136,
              "state": "passed",
              "speed": "slow",
              "pass": true,
              "fail": false,
              "pending": false,
              "context": null,
              "code": "memeUpload();\ncy.get('#meme-image').should('be.visible');",
              "err": {},
              "uuid": "c5b25f44-35fa-445b-b0da-a761bec5b378",
              "parentUUID": "15e347f0-9c78-4886-96d5-26d411df8a37",
              "isHook": false,
              "skipped": false
            },
            {
              "title": "Será validado se o texto é inserido corretamente sobre a imagem",
              "fullTitle": "2 - O site deve permitir que quem usa faça upload de uma imagem de seu computador. Será validado se o texto é inserido corretamente sobre a imagem",
              "timedOut": null,
              "duration": 478,
              "state": "passed",
              "speed": "slow",
              "pass": true,
              "fail": false,
              "pending": false,
              "context": null,
              "code": "memeUpload();\ncy.get('#meme-image').should('be.visible');\ntypeTextAndCheckItsPosition('#meme-image', '#meme-text');",
              "err": {},
              "uuid": "8ca1a91f-8c5f-4d79-9c52-215ada186dba",
              "parentUUID": "15e347f0-9c78-4886-96d5-26d411df8a37",
              "isHook": false,
              "skipped": false
            }
          ],
          "suites": [],
          "passes": [
            "9402734e-5a7e-45ed-bc19-601a1daef6aa",
            "c5b25f44-35fa-445b-b0da-a761bec5b378",
            "8ca1a91f-8c5f-4d79-9c52-215ada186dba"
          ],
          "failures": [],
          "pending": [],
          "skipped": [],
          "duration": 837,
          "root": false,
          "rootEmpty": false,
          "_timeout": 2000
        },
        {
          "uuid": "d47267ca-d866-4eb6-b550-cab9062c041c",
          "title": "3 - Adicione uma moldura no container. A moldura deve ter 1 pixel de largura, deve ser preta e do tipo 'solid'. A área onde a imagem aparecerá deve ter fundo branco.",
          "fullFile": "",
          "file": "",
          "beforeHooks": [],
          "afterHooks": [],
          "tests": [
            {
              "title": "Será validado se o elemento que serve de container para a imagem tem a cor de fundo branca",
              "fullTitle": "3 - Adicione uma moldura no container. A moldura deve ter 1 pixel de largura, deve ser preta e do tipo 'solid'. A área onde a imagem aparecerá deve ter fundo branco. Será validado se o elemento que serve de container para a imagem tem a cor de fundo branca",
              "timedOut": null,
              "duration": 214,
              "state": "passed",
              "speed": "slow",
              "pass": true,
              "fail": false,
              "pending": false,
              "context": null,
              "code": "cy.get('#meme-image-container').should(function ($container) {\n  expect($container).to.have.css('background-color', 'rgb(255, 255, 255)');\n});",
              "err": {},
              "uuid": "89bae6a2-5d5c-4253-8ddf-4b05642915f7",
              "parentUUID": "d47267ca-d866-4eb6-b550-cab9062c041c",
              "isHook": false,
              "skipped": false
            },
            {
              "title": "Será validado se o elemento que serve de container para a imagem tem uma borda preta, sólida, com 1 pixel de largura",
              "fullTitle": "3 - Adicione uma moldura no container. A moldura deve ter 1 pixel de largura, deve ser preta e do tipo 'solid'. A área onde a imagem aparecerá deve ter fundo branco. Será validado se o elemento que serve de container para a imagem tem uma borda preta, sólida, com 1 pixel de largura",
              "timedOut": null,
              "duration": 221,
              "state": "passed",
              "speed": "slow",
              "pass": true,
              "fail": false,
              "pending": false,
              "context": null,
              "code": "cy.get('#meme-image-container').should('have.css', 'border', '1px solid rgb(0, 0, 0)');",
              "err": {},
              "uuid": "1a8b9ee9-c853-486b-8e52-10b7ad3a6171",
              "parentUUID": "d47267ca-d866-4eb6-b550-cab9062c041c",
              "isHook": false,
              "skipped": false
            },
            {
              "title": "Será validado se a imagem deve estar totalmente contida dentro do elemento identificado como `meme-image-container`",
              "fullTitle": "3 - Adicione uma moldura no container. A moldura deve ter 1 pixel de largura, deve ser preta e do tipo 'solid'. A área onde a imagem aparecerá deve ter fundo branco. Será validado se a imagem deve estar totalmente contida dentro do elemento identificado como `meme-image-container`",
              "timedOut": null,
              "duration": 217,
              "state": "passed",
              "speed": "slow",
              "pass": true,
              "fail": false,
              "pending": false,
              "context": null,
              "code": "memeUpload();\ncheckFullOverlappage('#meme-image-container', '#meme-image');",
              "err": {},
              "uuid": "377924fd-8e4e-4b6a-9a66-f13b2700042a",
              "parentUUID": "d47267ca-d866-4eb6-b550-cab9062c041c",
              "isHook": false,
              "skipped": false
            }
          ],
          "suites": [],
          "passes": [
            "89bae6a2-5d5c-4253-8ddf-4b05642915f7",
            "1a8b9ee9-c853-486b-8e52-10b7ad3a6171",
            "377924fd-8e4e-4b6a-9a66-f13b2700042a"
          ],
          "failures": [],
          "pending": [],
          "skipped": [],
          "duration": 652,
          "root": false,
          "rootEmpty": false,
          "_timeout": 2000
        },
        {
          "uuid": "c5c9ae1b-06a9-42c4-95e6-2a7dec038448",
          "title": "4 - Adicione o texto que será inserido sobre a imagem tem uma cor, sombra e tamanho específicos.",
          "fullFile": "",
          "file": "",
          "beforeHooks": [],
          "afterHooks": [],
          "tests": [
            {
              "title": "Será validado se o texto do elemento `meme-text` dtem uma sombra preta, de 5 pixels na horizontal, 5 pixels na vertical e um raio de desfoque de 5 pixels",
              "fullTitle": "4 - Adicione o texto que será inserido sobre a imagem tem uma cor, sombra e tamanho específicos. Será validado se o texto do elemento `meme-text` dtem uma sombra preta, de 5 pixels na horizontal, 5 pixels na vertical e um raio de desfoque de 5 pixels",
              "timedOut": null,
              "duration": 216,
              "state": "passed",
              "speed": "slow",
              "pass": true,
              "fail": false,
              "pending": false,
              "context": null,
              "code": "cy.get('#meme-text').should(function ($text) {\n  expect($text).to.have.css('text-shadow', 'rgb(0, 0, 0) 5px 5px 5px');\n});",
              "err": {},
              "uuid": "7d95bccb-9cf6-4b95-96e2-abfe1f04f639",
              "parentUUID": "c5c9ae1b-06a9-42c4-95e6-2a7dec038448",
              "isHook": false,
              "skipped": false
            },
            {
              "title": "Será validado se o texto do elemento `meme-text` tem a fonte com o tamanho de 30 pixels",
              "fullTitle": "4 - Adicione o texto que será inserido sobre a imagem tem uma cor, sombra e tamanho específicos. Será validado se o texto do elemento `meme-text` tem a fonte com o tamanho de 30 pixels",
              "timedOut": null,
              "duration": 252,
              "state": "passed",
              "speed": "slow",
              "pass": true,
              "fail": false,
              "pending": false,
              "context": null,
              "code": "cy.get('#meme-text').should('have.css', 'font-size', '30px');",
              "err": {},
              "uuid": "2979ee23-1d88-410e-bec1-fb1458203e31",
              "parentUUID": "c5c9ae1b-06a9-42c4-95e6-2a7dec038448",
              "isHook": false,
              "skipped": false
            },
            {
              "title": "Será validado se o texto do elemento `meme-text` deve estar na cor branca",
              "fullTitle": "4 - Adicione o texto que será inserido sobre a imagem tem uma cor, sombra e tamanho específicos. Será validado se o texto do elemento `meme-text` deve estar na cor branca",
              "timedOut": null,
              "duration": 204,
              "state": "passed",
              "speed": "slow",
              "pass": true,
              "fail": false,
              "pending": false,
              "context": null,
              "code": "cy.get('#meme-text').should('have.css', 'color', 'rgb(255, 255, 255)');",
              "err": {},
              "uuid": "0d3b289b-67ba-4c2e-b99b-767b6e9df5ed",
              "parentUUID": "c5c9ae1b-06a9-42c4-95e6-2a7dec038448",
              "isHook": false,
              "skipped": false
            }
          ],
          "suites": [],
          "passes": [
            "7d95bccb-9cf6-4b95-96e2-abfe1f04f639",
            "2979ee23-1d88-410e-bec1-fb1458203e31",
            "0d3b289b-67ba-4c2e-b99b-767b6e9df5ed"
          ],
          "failures": [],
          "pending": [],
          "skipped": [],
          "duration": 672,
          "root": false,
          "rootEmpty": false,
          "_timeout": 2000
        },
        {
          "uuid": "0af9285e-a231-4b08-87ec-009160502034",
          "title": "5 - Limite o tamanho do texto que o usuário pode inserir.",
          "fullFile": "",
          "file": "",
          "beforeHooks": [],
          "afterHooks": [],
          "tests": [
            {
              "title": "Será validado se a quantidade máxima de caracteres digitáveis no elemento `text-input` deve ser 60.",
              "fullTitle": "5 - Limite o tamanho do texto que o usuário pode inserir. Será validado se a quantidade máxima de caracteres digitáveis no elemento `text-input` deve ser 60.",
              "timedOut": null,
              "duration": 1121,
              "state": "passed",
              "speed": "slow",
              "pass": true,
              "fail": false,
              "pending": false,
              "context": null,
              "code": "cy.get('#text-input').type('I have written a line that has precisely sixty-one characters').should('have.value', 'I have written a line that has precisely sixty-one character');",
              "err": {},
              "uuid": "b8dc8883-65b9-45a6-b8c8-361d11ac1e78",
              "parentUUID": "0af9285e-a231-4b08-87ec-009160502034",
              "isHook": false,
              "skipped": false
            }
          ],
          "suites": [],
          "passes": [
            "b8dc8883-65b9-45a6-b8c8-361d11ac1e78"
          ],
          "failures": [],
          "pending": [],
          "skipped": [],
          "duration": 1121,
          "root": false,
          "rootEmpty": false,
          "_timeout": 2000
        },
        {
          "uuid": "af6db527-0518-4b10-abf3-27aaa0755935",
          "title": "6 - Permita a quem usa customizar o meme escolhido acrescentando a ele uma de três bordas. A página deve ter três botões, que ao serem clicados devem cada um trocar a própria borda ao redor do container.",
          "fullFile": "",
          "file": "",
          "beforeHooks": [],
          "afterHooks": [],
          "tests": [
            {
              "title": "Será validado se o botão com identificado com id `fire` funciona corretamente.",
              "fullTitle": "6 - Permita a quem usa customizar o meme escolhido acrescentando a ele uma de três bordas. A página deve ter três botões, que ao serem clicados devem cada um trocar a própria borda ao redor do container. Será validado se o botão com identificado com id `fire` funciona corretamente.",
              "timedOut": null,
              "duration": 291,
              "state": "passed",
              "speed": "slow",
              "pass": true,
              "fail": false,
              "pending": false,
              "context": null,
              "code": "cy.get('#fire').should('have.css', 'background-color', 'rgb(255, 0, 0)');\ncy.get('#fire').click();\ncy.get('#meme-image-container').should('have.css', 'border', '3px dashed rgb(255, 0, 0)');",
              "err": {},
              "uuid": "65c29d6d-49cd-4d3a-bcd8-8e15bdb7e884",
              "parentUUID": "af6db527-0518-4b10-abf3-27aaa0755935",
              "isHook": false,
              "skipped": false
            },
            {
              "title": "Será validado se o botão com identificado com id `water` funciona corretamente.",
              "fullTitle": "6 - Permita a quem usa customizar o meme escolhido acrescentando a ele uma de três bordas. A página deve ter três botões, que ao serem clicados devem cada um trocar a própria borda ao redor do container. Será validado se o botão com identificado com id `water` funciona corretamente.",
              "timedOut": null,
              "duration": 346,
              "state": "passed",
              "speed": "slow",
              "pass": true,
              "fail": false,
              "pending": false,
              "context": null,
              "code": "cy.get('#water').should('have.css', 'background-color', 'rgb(0, 0, 255)');\ncy.get('#water').click();\ncy.get('#meme-image-container').should('have.css', 'border', '5px double rgb(0, 0, 255)');",
              "err": {},
              "uuid": "44926985-8064-4cf8-8f44-a11b4536120b",
              "parentUUID": "af6db527-0518-4b10-abf3-27aaa0755935",
              "isHook": false,
              "skipped": false
            },
            {
              "title": "Será validado se o botão com identificado com id `earth` funciona corretamente.",
              "fullTitle": "6 - Permita a quem usa customizar o meme escolhido acrescentando a ele uma de três bordas. A página deve ter três botões, que ao serem clicados devem cada um trocar a própria borda ao redor do container. Será validado se o botão com identificado com id `earth` funciona corretamente.",
              "timedOut": null,
              "duration": 235,
              "state": "passed",
              "speed": "slow",
              "pass": true,
              "fail": false,
              "pending": false,
              "context": null,
              "code": "cy.get('#earth').should('have.css', 'background-color', 'rgb(0, 128, 0)');\ncy.get('#earth').click();\ncy.get('#meme-image-container').should('have.css', 'border', '6px groove rgb(0, 128, 0)');",
              "err": {},
              "uuid": "caab86e0-cc26-425f-b8d2-c8cf8730c523",
              "parentUUID": "af6db527-0518-4b10-abf3-27aaa0755935",
              "isHook": false,
              "skipped": false
            }
          ],
          "suites": [],
          "passes": [
            "65c29d6d-49cd-4d3a-bcd8-8e15bdb7e884",
            "44926985-8064-4cf8-8f44-a11b4536120b",
            "caab86e0-cc26-425f-b8d2-c8cf8730c523"
          ],
          "failures": [],
          "pending": [],
          "skipped": [],
          "duration": 872,
          "root": false,
          "rootEmpty": false,
          "_timeout": 2000
        },
        {
          "uuid": "4fee63c2-4f05-4f64-91bb-e0105b1320f8",
          "title": "7 - Tenha um conjunto de quatro imagens pré prontas de memes famosos para o usuário escolher. Mostre miniaturas das imagens e, mediante clique do usuário, essa imagem deve aparecer dentro da moldura do elemento de container.",
          "fullFile": "",
          "file": "",
          "beforeHooks": [],
          "afterHooks": [],
          "tests": [
            {
              "title": "Será validado se as imagens prontas apresentam o comportamente esperado.",
              "fullTitle": "7 - Tenha um conjunto de quatro imagens pré prontas de memes famosos para o usuário escolher. Mostre miniaturas das imagens e, mediante clique do usuário, essa imagem deve aparecer dentro da moldura do elemento de container. Será validado se as imagens prontas apresentam o comportamente esperado.",
              "timedOut": null,
              "duration": 523,
              "state": "passed",
              "speed": "slow",
              "pass": true,
              "fail": false,
              "pending": false,
              "context": null,
              "code": "[1, 2, 3, 4].map(function (memeId) {\n  cy.get(\"#meme-\".concat(memeId)).click();\n  cy.get('#meme-image').should('have.attr', 'src').and('match', new RegExp(\"imgs/meme\".concat(memeId, \".png$\")));\n});",
              "err": {},
              "uuid": "37cd4c57-833a-4a43-b218-c4e3f194b6b5",
              "parentUUID": "4fee63c2-4f05-4f64-91bb-e0105b1320f8",
              "isHook": false,
              "skipped": false
            }
          ],
          "suites": [],
          "passes": [
            "37cd4c57-833a-4a43-b218-c4e3f194b6b5"
          ],
          "failures": [],
          "pending": [],
          "skipped": [],
          "duration": 523,
          "root": false,
          "rootEmpty": false,
          "_timeout": 2000
        }
      ],
      "passes": [],
      "failures": [],
      "pending": [],
      "skipped": [],
      "duration": 0,
      "root": true,
      "rootEmpty": true,
      "_timeout": 2000
    }
  ],
  "meta": {
    "mocha": {
      "version": "7.0.1"
    },
    "mochawesome": {
      "options": {
        "quiet": false,
        "reportFilename": "mochawesome",
        "saveHtml": false,
        "saveJson": true,
        "consoleReporter": "spec",
        "useInlineDiffs": false
      },
      "version": "4.1.0"
    },
    "marge": {
      "options": {
        "id": "default",
        "reportDir": "cypress/reports",
        "overwrite": true,
        "html": false,
        "json": true
      },
      "version": "4.1.0"
    }
  }
}